<?xml version="1.0" encoding="UTF-8"?>
<testsuites name="ts-1" time="25.359" tests="1" failures="0" errors="0">
   <testsuite name="ts-1" tests="1" failures="0" errors="0" time="25.359" skipped="0" timestamp="2022-01-20 18:26:13" hostname="knoldus - knoldus-Latitude-3520" id="Test Suites/uni/ts-1">
      <properties>
         <property name="deviceName" value=""/>
         <property name="devicePlatform" value=""/>
         <property name="logFolder" value="/home/knoldus/git/Automation/Reports/20220120_182603/uni/ts-1/20220120_182603"/>
         <property name="logFiles" value="/home/knoldus/git/Automation/Reports/20220120_182603/uni/ts-1/20220120_182603/execution0.log"/>
         <property name="attachments" value=""/>
         <property name="hostName" value="knoldus - knoldus-Latitude-3520"/>
         <property name="os" value="Linux 64bit"/>
         <property name="katalonVersion" value="8.2.0.208"/>
         <property name="browser" value="Chrome 95.0.4638.69"/>
         <property name="hostAddress" value="127.0.1.1"/>
         <property name="sessionId" value="28d5d31ca5ec0124ded9d001b2d5266e"/>
         <property name="seleniumVersion" value="3.141.59"/>
         <property name="proxyInformation" value="ProxyInformation { proxyOption=NO_PROXY, proxyServerType=HTTP, username=, password=********, proxyServerAddress=, proxyServerPort=0, executionList=&quot;&quot;, isApplyToDesiredCapabilities=true }"/>
         <property name="platform" value="Linux"/>
      </properties>
      <testcase name="Test Cases/login/TC-1" time="25.131" classname="Test Cases/login/TC-1" status="PASSED">
         <system-out><![CDATA[2022-01-20 18:26:13 - [TEST_CASE][PASSED] - Test Cases/login/TC-1: Test Cases/login/TC-1

2022-01-20 18:26:13 - [TEST_STEP][PASSED] - openBrowser(""): Browser is opened with url: ''

2022-01-20 18:26:14 - [MESSAGE][INFO] - Starting 'Chrome (headless)' driver

2022-01-20 18:26:14 - [MESSAGE][INFO] - Action delay is set to 0 milliseconds

2022-01-20 18:26:15 - [MESSAGE][PASSED] - Browser is opened with url: ''

2022-01-20 18:26:15 - [TEST_STEP][PASSED] - maximizeWindow(): Current window maximized

2022-01-20 18:26:15 - [MESSAGE][PASSED] - Current window maximized

2022-01-20 18:26:15 - [TEST_STEP][PASSED] - setViewPortSize(1920, 1080): Viewport is set to new size with width = 1920 and height = 1080

2022-01-20 18:26:15 - [MESSAGE][PASSED] - Viewport is set to new size with width = 1920 and height = 1080

2022-01-20 18:26:15 - [TEST_STEP][PASSED] - delay(5): Delayed 5 second(s)

2022-01-20 18:26:20 - [MESSAGE][PASSED] - Delayed 5 second(s)

2022-01-20 18:26:20 - [TEST_STEP][PASSED] - navigateToUrl("https://universal.3tlstaging.com/home"): Navigate to 'https://universal.3tlstaging.com/home' successfully

2022-01-20 18:26:37 - [MESSAGE][PASSED] - Navigate to 'https://universal.3tlstaging.com/home' successfully

2022-01-20 18:26:37 - [TEST_STEP][PASSED] - click(findTestObject("Object Repository/Page_Universal All-Access Rewards  Get Rewa_700d57/a_Register  Login")): Object: 'Object Repository/Page_Universal All-Access Rewards  Get Rewa_700d57/a_Register  Login' is clicked on

2022-01-20 18:26:37 - [MESSAGE][PASSED] - Object: 'Object Repository/Page_Universal All-Access Rewards  Get Rewa_700d57/a_Register  Login' is clicked on

2022-01-20 18:26:37 - [TEST_STEP][PASSED] - setText(findTestObject("Object Repository/Page_Universal All-Access Rewards  Get Rewa_700d57/input_USERNAME OR EMAIL_mat-input-0"), "ankit248@yopmail.com"): Text 'ankit248@yopmail.com' is set on object 'Object Repository/Page_Universal All-Access Rewards  Get Rewa_700d57/input_USERNAME OR EMAIL_mat-input-0'

2022-01-20 18:26:38 - [MESSAGE][PASSED] - Text 'ankit248@yopmail.com' is set on object 'Object Repository/Page_Universal All-Access Rewards  Get Rewa_700d57/input_USERNAME OR EMAIL_mat-input-0'

2022-01-20 18:26:38 - [TEST_STEP][PASSED] - setEncryptedText(findTestObject("Object Repository/Page_Universal All-Access Rewards  Get Rewa_700d57/input_PASSWORD_mat-input-1"), "VOLZ6ofKkxQS38tw6cTJGA=="): Text ****** has been set on object 'Object Repository/Page_Universal All-Access Rewards  Get Rewa_700d57/input_PASSWORD_mat-input-1'

2022-01-20 18:26:38 - [MESSAGE][PASSED] - Text ****** has been set on object 'Object Repository/Page_Universal All-Access Rewards  Get Rewa_700d57/input_PASSWORD_mat-input-1'

2022-01-20 18:26:38 - [TEST_STEP][PASSED] - click(findTestObject("Object Repository/Page_Universal All-Access Rewards  Get Rewa_700d57/button_Login")): Object: 'Object Repository/Page_Universal All-Access Rewards  Get Rewa_700d57/button_Login' is clicked on

2022-01-20 18:26:38 - [MESSAGE][PASSED] - Object: 'Object Repository/Page_Universal All-Access Rewards  Get Rewa_700d57/button_Login' is clicked on

2022-01-20 18:26:38 - [TEST_STEP][PASSED] - closeBrowser(): Browser is closed

2022-01-20 18:26:38 - [MESSAGE][PASSED] - Browser is closed]]></system-out>
         <system-err><![CDATA[]]></system-err>
      </testcase>
      <system-out><![CDATA[2022-01-20 18:26:13 - [TEST_SUITE][PASSED] - ts-1: Test Cases/login/TC-1]]></system-out>
      <system-err><![CDATA[]]></system-err>
   </testsuite>
</testsuites>
